[00:01:11] [Server thread/WARN]: Can't keep up! Did the system time change, or is the server overloaded? Running 2144ms behind, skipping 42 tick(s)
[00:02:44] [Server thread/WARN]: Can't keep up! Did the system time change, or is the server overloaded? Running 2375ms behind, skipping 47 tick(s)
[00:03:26] [Server thread/WARN]: Can't keep up! Did the system time change, or is the server overloaded? Running 2694ms behind, skipping 53 tick(s)
[00:07:26] [Server thread/INFO]: OrangeCarbon has made the advancement [Sweet dreams]
[00:07:56] [Server thread/INFO]: OrangeCarbon has made the advancement [Monster Hunter]
[00:10:11] [Server thread/WARN]: Can't keep up! Did the system time change, or is the server overloaded? Running 2222ms behind, skipping 44 tick(s)
[00:11:00] [Server thread/WARN]: Can't keep up! Did the system time change, or is the server overloaded? Running 3188ms behind, skipping 63 tick(s)
[00:11:45] [Server thread/WARN]: Can't keep up! Did the system time change, or is the server overloaded? Running 3482ms behind, skipping 69 tick(s)
[00:12:30] [Server thread/WARN]: Can't keep up! Did the system time change, or is the server overloaded? Running 2495ms behind, skipping 49 tick(s)
[00:13:13] [Server thread/WARN]: Can't keep up! Did the system time change, or is the server overloaded? Running 2348ms behind, skipping 46 tick(s)
[00:13:41] [Server thread/WARN]: Can't keep up! Did the system time change, or is the server overloaded? Running 8904ms behind, skipping 178 tick(s)
[00:13:52] [Server thread/WARN]: Can't keep up! Did the system time change, or is the server overloaded? Running 2640ms behind, skipping 52 tick(s)
[00:14:12] [Server thread/WARN]: Can't keep up! Did the system time change, or is the server overloaded? Running 5324ms behind, skipping 106 tick(s)
[00:14:51] [Server thread/WARN]: Can't keep up! Did the system time change, or is the server overloaded? Running 20926ms behind, skipping 418 tick(s)
[00:15:08] [Server thread/WARN]: Can't keep up! Did the system time change, or is the server overloaded? Running 2057ms behind, skipping 41 tick(s)
[00:15:16] [Server thread/WARN]: koolnihar moved too quickly! 8.156713772452022,0.0,-5.927953518273625
[00:15:27] [Server thread/WARN]: Can't keep up! Did the system time change, or is the server overloaded? Running 3377ms behind, skipping 67 tick(s)
[00:15:44] [Server thread/WARN]: Can't keep up! Did the system time change, or is the server overloaded? Running 3175ms behind, skipping 63 tick(s)
[00:16:03] [Server thread/WARN]: koolnihar moved too quickly! 7.400762801060978,0.0,-6.8762786023870035
[00:16:03] [Server thread/WARN]: Can't keep up! Did the system time change, or is the server overloaded? Running 2133ms behind, skipping 42 tick(s)
[00:16:50] [Server thread/WARN]: Can't keep up! Did the system time change, or is the server overloaded? Running 3205ms behind, skipping 64 tick(s)
[00:17:14] [Server thread/WARN]: Can't keep up! Did the system time change, or is the server overloaded? Running 8764ms behind, skipping 175 tick(s)
[00:17:33] [Server thread/WARN]: Can't keep up! Did the system time change, or is the server overloaded? Running 2050ms behind, skipping 41 tick(s)
[00:20:41] [Server thread/WARN]: Can't keep up! Did the system time change, or is the server overloaded? Running 2182ms behind, skipping 43 tick(s)
[00:21:53] [Server thread/INFO]: SomilGo was slain by Zombie
[00:25:11] [Server thread/WARN]: Can't keep up! Did the system time change, or is the server overloaded? Running 2083ms behind, skipping 41 tick(s)
[00:26:00] [Server thread/INFO]: SomilGo was shot by Skeleton
[00:26:07] [Server thread/WARN]: Can't keep up! Did the system time change, or is the server overloaded? Running 2342ms behind, skipping 46 tick(s)
[00:27:28] [Server thread/WARN]: Can't keep up! Did the system time change, or is the server overloaded? Running 2114ms behind, skipping 42 tick(s)
[00:28:12] [Server thread/WARN]: Can't keep up! Did the system time change, or is the server overloaded? Running 2285ms behind, skipping 45 tick(s)
[00:30:11] [Server thread/WARN]: Can't keep up! Did the system time change, or is the server overloaded? Running 2145ms behind, skipping 42 tick(s)
[00:33:24] [Server thread/WARN]: Can't keep up! Did the system time change, or is the server overloaded? Running 2642ms behind, skipping 52 tick(s)
[00:33:44] [Server thread/WARN]: Can't keep up! Did the system time change, or is the server overloaded? Running 2345ms behind, skipping 46 tick(s)
[00:34:38] [Server thread/WARN]: Can't keep up! Did the system time change, or is the server overloaded? Running 2616ms behind, skipping 52 tick(s)
[00:34:58] [Server thread/WARN]: Can't keep up! Did the system time change, or is the server overloaded? Running 2019ms behind, skipping 40 tick(s)
[00:35:45] [Server thread/WARN]: Can't keep up! Did the system time change, or is the server overloaded? Running 2585ms behind, skipping 51 tick(s)
[00:37:08] [Server thread/WARN]: Can't keep up! Did the system time change, or is the server overloaded? Running 2083ms behind, skipping 41 tick(s)
[00:37:32] [Server thread/WARN]: Can't keep up! Did the system time change, or is the server overloaded? Running 6723ms behind, skipping 134 tick(s)
[00:37:46] [Server thread/WARN]: Can't keep up! Did the system time change, or is the server overloaded? Running 2975ms behind, skipping 59 tick(s)
[00:38:04] [Server thread/WARN]: Can't keep up! Did the system time change, or is the server overloaded? Running 3044ms behind, skipping 60 tick(s)
[00:38:24] [Server thread/WARN]: Can't keep up! Did the system time change, or is the server overloaded? Running 5165ms behind, skipping 103 tick(s)
[00:38:38] [Server thread/WARN]: Can't keep up! Did the system time change, or is the server overloaded? Running 3504ms behind, skipping 70 tick(s)
[00:38:58] [Server thread/WARN]: Can't keep up! Did the system time change, or is the server overloaded? Running 3544ms behind, skipping 70 tick(s)
[00:39:44] [Server thread/WARN]: Can't keep up! Did the system time change, or is the server overloaded? Running 4014ms behind, skipping 80 tick(s)
[00:39:59] [Server thread/WARN]: Can't keep up! Did the system time change, or is the server overloaded? Running 2836ms behind, skipping 56 tick(s)
[00:40:17] [Server thread/WARN]: Can't keep up! Did the system time change, or is the server overloaded? Running 3177ms behind, skipping 63 tick(s)
[00:40:34] [Server thread/WARN]: Can't keep up! Did the system time change, or is the server overloaded? Running 4391ms behind, skipping 87 tick(s)
[00:41:05] [Server thread/WARN]: Can't keep up! Did the system time change, or is the server overloaded? Running 2211ms behind, skipping 44 tick(s)
[00:41:26] [Server thread/WARN]: Can't keep up! Did the system time change, or is the server overloaded? Running 6431ms behind, skipping 128 tick(s)
[00:41:42] [Server thread/WARN]: Can't keep up! Did the system time change, or is the server overloaded? Running 3543ms behind, skipping 70 tick(s)
[00:41:59] [Server thread/WARN]: Can't keep up! Did the system time change, or is the server overloaded? Running 3992ms behind, skipping 79 tick(s)
[00:42:16] [Server thread/WARN]: Can't keep up! Did the system time change, or is the server overloaded? Running 2088ms behind, skipping 41 tick(s)
[00:42:34] [Server thread/WARN]: Can't keep up! Did the system time change, or is the server overloaded? Running 2919ms behind, skipping 58 tick(s)
[00:42:51] [Server thread/WARN]: Can't keep up! Did the system time change, or is the server overloaded? Running 3098ms behind, skipping 61 tick(s)
[00:43:06] [Server thread/WARN]: Can't keep up! Did the system time change, or is the server overloaded? Running 3569ms behind, skipping 71 tick(s)
[00:43:09] [Server thread/INFO]: SomilGo was shot by Skeleton
[00:43:34] [Server thread/INFO]: <SomilGo> \teleport koolnihar
[00:44:31] [Server thread/WARN]: Can't keep up! Did the system time change, or is the server overloaded? Running 2658ms behind, skipping 53 tick(s)
[00:45:16] [Server thread/WARN]: Can't keep up! Did the system time change, or is the server overloaded? Running 2203ms behind, skipping 44 tick(s)
[00:45:45] [Server thread/INFO]: SomilGo was blown up by Creeper
[00:45:53] [Server thread/INFO]: SomilGo fell from a high place
[00:46:46] [Server thread/WARN]: Can't keep up! Did the system time change, or is the server overloaded? Running 2042ms behind, skipping 40 tick(s)
[00:49:17] [Server thread/WARN]: Can't keep up! Did the system time change, or is the server overloaded? Running 2111ms behind, skipping 42 tick(s)
[00:49:38] [Server thread/WARN]: Can't keep up! Did the system time change, or is the server overloaded? Running 4958ms behind, skipping 99 tick(s)
[00:49:54] [Server thread/WARN]: Can't keep up! Did the system time change, or is the server overloaded? Running 3492ms behind, skipping 69 tick(s)
[00:50:38] [Server thread/WARN]: Can't keep up! Did the system time change, or is the server overloaded? Running 2338ms behind, skipping 46 tick(s)
[00:51:22] [Server thread/WARN]: koolnihar moved too quickly! -9.424419953054738,-2.0,3.017691680579219
[00:51:22] [Server thread/WARN]: Can't keep up! Did the system time change, or is the server overloaded? Running 3090ms behind, skipping 61 tick(s)
[00:52:08] [Server thread/WARN]: Can't keep up! Did the system time change, or is the server overloaded? Running 2343ms behind, skipping 46 tick(s)
[00:52:53] [Server thread/WARN]: SomilGo moved too quickly! 9.835514793040232,2.249187078744683,-1.2831856978620237
[00:52:53] [Server thread/WARN]: Can't keep up! Did the system time change, or is the server overloaded? Running 2462ms behind, skipping 49 tick(s)
[00:53:46] [Server thread/WARN]: Can't keep up! Did the system time change, or is the server overloaded? Running 2052ms behind, skipping 41 tick(s)
[00:54:24] [Server thread/WARN]: Can't keep up! Did the system time change, or is the server overloaded? Running 13249ms behind, skipping 264 tick(s)
[00:54:36] [Server thread/WARN]: koolnihar moved too quickly! -0.21908302782985345,0.0,10.227698681064993
[00:54:36] [Server thread/WARN]: OrangeCarbon moved too quickly! -10.137821923329476,0.0,-0.2168575123862695
[00:54:36] [Server thread/WARN]: Can't keep up! Did the system time change, or is the server overloaded? Running 3849ms behind, skipping 76 tick(s)
[00:56:00] [Server thread/INFO]: OrangeCarbon has made the advancement [Acquire Hardware]
[00:56:28] [Server thread/INFO]: SomilGo fell from a high place
[01:36:17] [Server thread/INFO]: SomilGo fell from a high place
[01:36:49] [Server thread/INFO]: OrangeCarbon lost connection: Internal Exception: java.io.IOException: An existing connection was forcibly closed by the remote host
[01:36:49] [Server thread/INFO]: OrangeCarbon left the game
[01:36:52] [Server thread/INFO]: SomilGo lost connection: Disconnected
[01:36:52] [Server thread/INFO]: SomilGo left the game
[01:37:06] [Server thread/INFO]: Stopping server
[01:37:06] [Server thread/INFO]: Saving players
[01:37:06] [Server thread/INFO]: koolnihar lost connection: Internal Exception: java.lang.StackOverflowError
[01:37:06] [Server thread/INFO]: koolnihar left the game
[01:37:06] [Server thread/INFO]: Saving worlds
[01:37:06] [Server thread/INFO]: Saving chunks for level 'world'/overworld
[01:37:06] [Server Shutdown Thread/INFO]: Stopping server
[01:37:06] [Server Shutdown Thread/INFO]: Saving players
[01:37:06] [Server Shutdown Thread/INFO]: Saving worlds
[01:37:06] [Server Shutdown Thread/INFO]: Saving chunks for level 'world'/overworld
[01:37:06] [Server thread/INFO]: Saving chunks for level 'world'/the_nether
[01:37:06] [Server thread/INFO]: Saving chunks for level 'world'/the_end
[01:37:06] [Server Shutdown Thread/INFO]: Saving chunks for level 'world'/the_nether
[01:37:06] [Server Shutdown Thread/INFO]: Saving chunks for level 'world'/the_end
